<?xml version="1.0" encoding="UTF-8"?>
<!-- Generated by org.testng.reporters.JUnitReportReporter -->
<testsuite hostname="TYSS-Aishwarya" failures="0" tests="4" name="testCases.LoginTest" time="150.896" errors="0" timestamp="23 Aug 2022 06:43:46 GMT" skipped="0">
  <testcase classname="testCases.LoginTest" name="loginTestCases" time="44.815"/>
  <testcase classname="testCases.LoginTest" name="homeTestCases" time="22.050"/>
  <testcase classname="testCases.LoginTest" name="PLPTestCases" time="20.868"/>
  <testcase classname="testCases.LoginTest" name="cartTestCases" time="63.163"/>
</testsuite> <!-- testCases.LoginTest -->
