<?xml version="1.0" encoding="UTF-8"?>
<!-- Generated by org.testng.reporters.JUnitReportReporter -->
<testsuite hostname="TYSS-Aishwarya" failures="0" tests="1" name="testCases.CheckoutTest" time="87.181" errors="0" timestamp="23 Aug 2022 06:43:46 GMT" skipped="0">
  <testcase classname="testCases.CheckoutTest" name="checkOutTestCases" time="87.181"/>
</testsuite> <!-- testCases.CheckoutTest -->
